INFO 2026-02-19 08:11:56,219 views 6400 6108 Schedule view - Date: 2026-02-19, Found 1 bookings
INFO 2026-02-19 08:11:56,224 views 6400 6108   Booking: Обсуждение, Room: 1, Time: 2026-02-19 05:55:00+00:00 - 2026-02-19 07:50:00+00:00, Status: approved
INFO 2026-02-19 08:11:56,231 views 6400 6108 Hour 07:00: 0 bookings
INFO 2026-02-19 08:11:56,235 views 6400 6108 Hour 08:00: 0 bookings
INFO 2026-02-19 08:11:56,237 views 6400 6108 Hour 09:00: 0 bookings
INFO 2026-02-19 08:11:56,238 views 6400 6108 Hour 10:00: 0 bookings
INFO 2026-02-19 08:11:56,239 views 6400 6108 Hour 11:00: 0 bookings
INFO 2026-02-19 08:11:56,242 views 6400 6108 Hour 12:00: 0 bookings
INFO 2026-02-19 08:11:56,245 views 6400 6108 Hour 13:00: 0 bookings
INFO 2026-02-19 08:11:56,246 views 6400 6108 Hour 14:00: 0 bookings
INFO 2026-02-19 08:11:56,247 views 6400 6108 Hour 15:00: 0 bookings
INFO 2026-02-19 08:11:56,248 views 6400 6108 Hour 16:00: 0 bookings
INFO 2026-02-19 08:12:00,313 views 6400 12900 Schedule view - Date: 2026-02-19, Found 1 bookings
INFO 2026-02-19 08:12:00,316 views 6400 12900   Booking: Обсуждение, Room: 1, Time: 2026-02-19 05:55:00+00:00 - 2026-02-19 07:50:00+00:00, Status: approved
INFO 2026-02-19 08:12:00,316 views 6400 12900 Hour 07:00: 0 bookings
INFO 2026-02-19 08:12:00,318 views 6400 12900 Hour 08:00: 0 bookings
INFO 2026-02-19 08:12:00,318 views 6400 12900 Hour 09:00: 0 bookings
INFO 2026-02-19 08:12:00,319 views 6400 12900 Hour 10:00: 0 bookings
INFO 2026-02-19 08:12:00,320 views 6400 12900 Hour 11:00: 0 bookings
INFO 2026-02-19 08:12:00,320 views 6400 12900 Hour 12:00: 0 bookings
INFO 2026-02-19 08:12:00,320 views 6400 12900 Hour 13:00: 0 bookings
INFO 2026-02-19 08:12:00,321 views 6400 12900 Hour 14:00: 0 bookings
INFO 2026-02-19 08:12:00,321 views 6400 12900 Hour 15:00: 0 bookings
INFO 2026-02-19 08:12:00,321 views 6400 12900 Hour 16:00: 0 bookings
INFO 2026-02-19 08:12:00,486 views 6400 12900 Schedule view - Date: 2026-02-19, Found 1 bookings
INFO 2026-02-19 08:12:00,491 views 6400 12900   Booking: Обсуждение, Room: 1, Time: 2026-02-19 05:55:00+00:00 - 2026-02-19 07:50:00+00:00, Status: approved
INFO 2026-02-19 08:12:00,493 views 6400 12900 Hour 07:00: 0 bookings
INFO 2026-02-19 08:12:00,493 views 6400 12900 Hour 08:00: 0 bookings
INFO 2026-02-19 08:12:00,494 views 6400 12900 Hour 09:00: 0 bookings
INFO 2026-02-19 08:12:00,494 views 6400 12900 Hour 10:00: 0 bookings
INFO 2026-02-19 08:12:00,495 views 6400 12900 Hour 11:00: 0 bookings
INFO 2026-02-19 08:12:00,495 views 6400 12900 Hour 12:00: 0 bookings
INFO 2026-02-19 08:12:00,495 views 6400 12900 Hour 13:00: 0 bookings
INFO 2026-02-19 08:12:00,496 views 6400 12900 Hour 14:00: 0 bookings
INFO 2026-02-19 08:12:00,496 views 6400 12900 Hour 15:00: 0 bookings
INFO 2026-02-19 08:12:00,496 views 6400 12900 Hour 16:00: 0 bookings
INFO 2026-02-19 08:12:00,645 views 6400 12900 Schedule view - Date: 2026-02-19, Found 1 bookings
INFO 2026-02-19 08:12:00,648 views 6400 12900   Booking: Обсуждение, Room: 1, Time: 2026-02-19 05:55:00+00:00 - 2026-02-19 07:50:00+00:00, Status: approved
INFO 2026-02-19 08:12:00,649 views 6400 12900 Hour 07:00: 0 bookings
INFO 2026-02-19 08:12:00,654 views 6400 12900 Hour 08:00: 0 bookings
INFO 2026-02-19 08:12:00,655 views 6400 12900 Hour 09:00: 0 bookings
INFO 2026-02-19 08:12:00,656 views 6400 12900 Hour 10:00: 0 bookings
INFO 2026-02-19 08:12:00,661 views 6400 12900 Hour 11:00: 0 bookings
INFO 2026-02-19 08:12:00,662 views 6400 12900 Hour 12:00: 0 bookings
INFO 2026-02-19 08:12:00,663 views 6400 12900 Hour 13:00: 0 bookings
INFO 2026-02-19 08:12:00,663 views 6400 12900 Hour 14:00: 0 bookings
INFO 2026-02-19 08:12:00,664 views 6400 12900 Hour 15:00: 0 bookings
INFO 2026-02-19 08:12:00,674 views 6400 12900 Hour 16:00: 0 bookings
INFO 2026-02-19 08:12:10,217 views 6400 1632 Schedule view - Date: 2026-02-19, Found 1 bookings
INFO 2026-02-19 08:12:10,222 views 6400 1632   Booking: Обсуждение, Room: 1, Time: 2026-02-19 05:55:00+00:00 - 2026-02-19 07:50:00+00:00, Status: approved
INFO 2026-02-19 08:12:10,222 views 6400 1632 Hour 07:00: 0 bookings
INFO 2026-02-19 08:12:10,223 views 6400 1632 Hour 08:00: 0 bookings
INFO 2026-02-19 08:12:10,223 views 6400 1632 Hour 09:00: 0 bookings
INFO 2026-02-19 08:12:10,223 views 6400 1632 Hour 10:00: 0 bookings
INFO 2026-02-19 08:12:10,224 views 6400 1632 Hour 11:00: 0 bookings
INFO 2026-02-19 08:12:10,224 views 6400 1632 Hour 12:00: 0 bookings
INFO 2026-02-19 08:12:10,224 views 6400 1632 Hour 13:00: 0 bookings
INFO 2026-02-19 08:12:10,224 views 6400 1632 Hour 14:00: 0 bookings
INFO 2026-02-19 08:12:10,224 views 6400 1632 Hour 15:00: 0 bookings
INFO 2026-02-19 08:12:10,225 views 6400 1632 Hour 16:00: 0 bookings
INFO 2026-02-19 08:12:22,544 views 6400 3108 Schedule view - Date: 2026-02-19, Found 1 bookings
INFO 2026-02-19 08:12:22,547 views 6400 3108   Booking: Обсуждение, Room: 1, Time: 2026-02-19 05:55:00+00:00 - 2026-02-19 07:50:00+00:00, Status: approved
INFO 2026-02-19 08:12:22,548 views 6400 3108 Hour 07:00: 0 bookings
INFO 2026-02-19 08:12:22,548 views 6400 3108 Hour 08:00: 0 bookings
INFO 2026-02-19 08:12:22,549 views 6400 3108 Hour 09:00: 0 bookings
INFO 2026-02-19 08:12:22,549 views 6400 3108 Hour 10:00: 0 bookings
INFO 2026-02-19 08:12:22,549 views 6400 3108 Hour 11:00: 0 bookings
INFO 2026-02-19 08:12:22,549 views 6400 3108 Hour 12:00: 0 bookings
INFO 2026-02-19 08:12:22,550 views 6400 3108 Hour 13:00: 0 bookings
INFO 2026-02-19 08:12:22,550 views 6400 3108 Hour 14:00: 0 bookings
INFO 2026-02-19 08:12:22,550 views 6400 3108 Hour 15:00: 0 bookings
INFO 2026-02-19 08:12:22,550 views 6400 3108 Hour 16:00: 0 bookings
INFO 2026-02-19 08:12:28,959 views 6400 1472 Schedule view - Date: 2026-02-19, Found 1 bookings
INFO 2026-02-19 08:12:28,962 views 6400 1472   Booking: Обсуждение, Room: 1, Time: 2026-02-19 05:55:00+00:00 - 2026-02-19 07:50:00+00:00, Status: approved
INFO 2026-02-19 08:12:28,964 views 6400 1472 Hour 07:00: 0 bookings
INFO 2026-02-19 08:12:28,965 views 6400 1472 Hour 08:00: 0 bookings
INFO 2026-02-19 08:12:28,966 views 6400 1472 Hour 09:00: 0 bookings
INFO 2026-02-19 08:12:28,966 views 6400 1472 Hour 10:00: 0 bookings
INFO 2026-02-19 08:12:28,967 views 6400 1472 Hour 11:00: 0 bookings
INFO 2026-02-19 08:12:28,967 views 6400 1472 Hour 12:00: 0 bookings
INFO 2026-02-19 08:12:28,967 views 6400 1472 Hour 13:00: 0 bookings
INFO 2026-02-19 08:12:28,968 views 6400 1472 Hour 14:00: 0 bookings
INFO 2026-02-19 08:12:28,973 views 6400 1472 Hour 15:00: 0 bookings
INFO 2026-02-19 08:12:29,049 views 6400 1472 Hour 16:00: 0 bookings
INFO 2026-02-19 08:18:42,837 views 6400 13592 Schedule view - Date: 2026-02-19, Found 1 bookings
INFO 2026-02-19 08:18:42,839 views 6400 13592   Booking: Обсуждение, Room: 1, Time: 2026-02-19 05:55:00+00:00 - 2026-02-19 07:50:00+00:00, Status: approved
INFO 2026-02-19 08:18:42,841 views 6400 13592 Hour 07:00: 0 bookings
INFO 2026-02-19 08:18:42,841 views 6400 13592 Hour 08:00: 0 bookings
INFO 2026-02-19 08:18:42,841 views 6400 13592 Hour 09:00: 0 bookings
INFO 2026-02-19 08:18:42,842 views 6400 13592 Hour 10:00: 0 bookings
INFO 2026-02-19 08:18:42,842 views 6400 13592 Hour 11:00: 0 bookings
INFO 2026-02-19 08:18:42,842 views 6400 13592 Hour 12:00: 0 bookings
INFO 2026-02-19 08:18:42,851 views 6400 13592 Hour 13:00: 0 bookings
INFO 2026-02-19 08:18:42,856 views 6400 13592 Hour 14:00: 0 bookings
INFO 2026-02-19 08:18:42,857 views 6400 13592 Hour 15:00: 0 bookings
INFO 2026-02-19 08:18:42,857 views 6400 13592 Hour 16:00: 0 bookings
INFO 2026-02-19 08:21:34,764 views 6400 12484 Schedule view - Date: 2026-02-19, Found 1 bookings
INFO 2026-02-19 08:21:34,766 views 6400 12484   Booking: Обсуждение, Room: 1, Time: 2026-02-19 05:55:00+00:00 - 2026-02-19 07:50:00+00:00, Status: approved
INFO 2026-02-19 08:21:34,767 views 6400 12484 Hour 07:00: 0 bookings
INFO 2026-02-19 08:21:34,767 views 6400 12484 Hour 08:00: 0 bookings
INFO 2026-02-19 08:21:34,767 views 6400 12484 Hour 09:00: 0 bookings
INFO 2026-02-19 08:21:34,767 views 6400 12484 Hour 10:00: 0 bookings
INFO 2026-02-19 08:21:34,767 views 6400 12484 Hour 11:00: 0 bookings
INFO 2026-02-19 08:21:34,768 views 6400 12484 Hour 12:00: 0 bookings
INFO 2026-02-19 08:21:34,768 views 6400 12484 Hour 13:00: 0 bookings
INFO 2026-02-19 08:21:34,769 views 6400 12484 Hour 14:00: 0 bookings
INFO 2026-02-19 08:21:34,769 views 6400 12484 Hour 15:00: 0 bookings
INFO 2026-02-19 08:21:34,772 views 6400 12484 Hour 16:00: 0 bookings
INFO 2026-02-19 08:28:17,749 views 6400 5132 Schedule view - Date: 2026-02-19, Found 1 bookings
INFO 2026-02-19 08:28:17,752 views 6400 5132   Booking: Обсуждение, Room: 1, Time: 2026-02-19 05:55:00+00:00 - 2026-02-19 07:50:00+00:00, Status: approved
INFO 2026-02-19 08:28:17,753 views 6400 5132 Hour 07:00: 0 bookings
INFO 2026-02-19 08:28:17,753 views 6400 5132 Hour 08:00: 0 bookings
INFO 2026-02-19 08:28:17,754 views 6400 5132 Hour 09:00: 0 bookings
INFO 2026-02-19 08:28:17,754 views 6400 5132 Hour 10:00: 0 bookings
INFO 2026-02-19 08:28:17,755 views 6400 5132 Hour 11:00: 0 bookings
INFO 2026-02-19 08:28:17,755 views 6400 5132 Hour 12:00: 0 bookings
INFO 2026-02-19 08:28:17,755 views 6400 5132 Hour 13:00: 0 bookings
INFO 2026-02-19 08:28:17,755 views 6400 5132 Hour 14:00: 0 bookings
INFO 2026-02-19 08:28:17,755 views 6400 5132 Hour 15:00: 0 bookings
INFO 2026-02-19 08:28:17,756 views 6400 5132 Hour 16:00: 0 bookings
INFO 2026-02-19 08:31:21,740 views 6400 5132 Schedule view - Date: 2026-02-19, Found 1 bookings
INFO 2026-02-19 08:31:21,743 views 6400 5132   Booking: Обсуждение, Room: 1, Time: 2026-02-19 05:55:00+00:00 - 2026-02-19 07:50:00+00:00, Status: approved
INFO 2026-02-19 08:31:21,748 views 6400 5132 Hour 07:00: 0 bookings
INFO 2026-02-19 08:31:21,757 views 6400 5132 Hour 08:00: 0 bookings
INFO 2026-02-19 08:31:21,760 views 6400 5132 Hour 09:00: 0 bookings
INFO 2026-02-19 08:31:21,762 views 6400 5132 Hour 10:00: 0 bookings
INFO 2026-02-19 08:31:21,762 views 6400 5132 Hour 11:00: 0 bookings
INFO 2026-02-19 08:31:21,763 views 6400 5132 Hour 12:00: 0 bookings
INFO 2026-02-19 08:31:21,764 views 6400 5132 Hour 13:00: 0 bookings
INFO 2026-02-19 08:31:21,764 views 6400 5132 Hour 14:00: 0 bookings
INFO 2026-02-19 08:31:21,765 views 6400 5132 Hour 15:00: 0 bookings
INFO 2026-02-19 08:31:21,766 views 6400 5132 Hour 16:00: 0 bookings
INFO 2026-02-19 08:37:39,895 views 6400 10160 Schedule view - Date: 2026-02-19, Found 1 bookings
INFO 2026-02-19 08:37:39,899 views 6400 10160   Booking: Обсуждение, Room: 1, Time: 2026-02-19 05:55:00+00:00 - 2026-02-19 07:50:00+00:00, Status: approved
INFO 2026-02-19 08:37:39,900 views 6400 10160 Hour 07:00: 0 bookings
INFO 2026-02-19 08:37:39,901 views 6400 10160 Hour 08:00: 0 bookings
INFO 2026-02-19 08:37:39,901 views 6400 10160 Hour 09:00: 0 bookings
INFO 2026-02-19 08:37:39,902 views 6400 10160 Hour 10:00: 0 bookings
INFO 2026-02-19 08:37:39,902 views 6400 10160 Hour 11:00: 0 bookings
INFO 2026-02-19 08:37:39,903 views 6400 10160 Hour 12:00: 0 bookings
INFO 2026-02-19 08:37:39,903 views 6400 10160 Hour 13:00: 0 bookings
INFO 2026-02-19 08:37:39,904 views 6400 10160 Hour 14:00: 0 bookings
INFO 2026-02-19 08:37:39,904 views 6400 10160 Hour 15:00: 0 bookings
INFO 2026-02-19 08:37:39,904 views 6400 10160 Hour 16:00: 0 bookings
INFO 2026-02-19 08:38:19,437 views 6400 10160 Schedule view - Date: 2026-02-19, Found 2 bookings
INFO 2026-02-19 08:38:19,441 views 6400 10160   Booking: Обсуждение, Room: 1, Time: 2026-02-19 05:55:00+00:00 - 2026-02-19 07:50:00+00:00, Status: approved
INFO 2026-02-19 08:38:19,442 views 6400 10160   Booking: 1, Room: 1, Time: 2026-02-19 08:00:00+00:00 - 2026-02-19 09:00:00+00:00, Status: pending
INFO 2026-02-19 08:38:19,443 views 6400 10160 Added booking to timeline hour 8: 1
INFO 2026-02-19 08:38:19,444 views 6400 10160 Hour 07:00: 0 bookings
INFO 2026-02-19 08:38:19,444 views 6400 10160 Hour 08:00: 1 bookings
INFO 2026-02-19 08:38:19,445 views 6400 10160 Hour 09:00: 0 bookings
INFO 2026-02-19 08:38:19,446 views 6400 10160 Hour 10:00: 0 bookings
INFO 2026-02-19 08:38:19,446 views 6400 10160 Hour 11:00: 0 bookings
INFO 2026-02-19 08:38:19,447 views 6400 10160 Hour 12:00: 0 bookings
INFO 2026-02-19 08:38:19,448 views 6400 10160 Hour 13:00: 0 bookings
INFO 2026-02-19 08:38:19,448 views 6400 10160 Hour 14:00: 0 bookings
INFO 2026-02-19 08:38:19,449 views 6400 10160 Hour 15:00: 0 bookings
INFO 2026-02-19 08:38:19,449 views 6400 10160 Hour 16:00: 0 bookings
INFO 2026-02-19 08:43:11,849 views 6400 12484 Schedule view - Date: 2026-02-19, Found 2 bookings
INFO 2026-02-19 08:43:11,852 views 6400 12484   Booking: Обсуждение, Room: 1, Time: 2026-02-19 05:55:00+00:00 - 2026-02-19 07:50:00+00:00, Status: approved
INFO 2026-02-19 08:43:11,852 views 6400 12484   Booking: 1, Room: 1, Time: 2026-02-19 08:00:00+00:00 - 2026-02-19 09:00:00+00:00, Status: pending
INFO 2026-02-19 08:43:11,853 views 6400 12484 After room filter (room_id=1): 2 bookings
INFO 2026-02-19 08:43:11,856 views 6400 12484 Added booking to timeline hour 8: 1
INFO 2026-02-19 08:43:11,856 views 6400 12484 Hour 07:00: 0 bookings
INFO 2026-02-19 08:43:11,859 views 6400 12484 Hour 08:00: 1 bookings
INFO 2026-02-19 08:43:11,859 views 6400 12484 Hour 09:00: 0 bookings
INFO 2026-02-19 08:43:11,861 views 6400 12484 Hour 10:00: 0 bookings
INFO 2026-02-19 08:43:11,861 views 6400 12484 Hour 11:00: 0 bookings
INFO 2026-02-19 08:43:11,861 views 6400 12484 Hour 12:00: 0 bookings
INFO 2026-02-19 08:43:11,862 views 6400 12484 Hour 13:00: 0 bookings
INFO 2026-02-19 08:43:11,862 views 6400 12484 Hour 14:00: 0 bookings
INFO 2026-02-19 08:43:11,862 views 6400 12484 Hour 15:00: 0 bookings
INFO 2026-02-19 08:43:11,863 views 6400 12484 Hour 16:00: 0 bookings
INFO 2026-02-19 08:43:38,438 views 6400 7056 Schedule view - Date: 2026-02-19, Found 2 bookings
INFO 2026-02-19 08:43:38,440 views 6400 7056   Booking: Обсуждение, Room: 1, Time: 2026-02-19 05:55:00+00:00 - 2026-02-19 07:50:00+00:00, Status: approved
INFO 2026-02-19 08:43:38,441 views 6400 7056   Booking: 1, Room: 1, Time: 2026-02-19 08:00:00+00:00 - 2026-02-19 09:00:00+00:00, Status: pending
INFO 2026-02-19 08:43:38,441 views 6400 7056 Added booking to timeline hour 8: 1
INFO 2026-02-19 08:43:38,442 views 6400 7056 Hour 07:00: 0 bookings
INFO 2026-02-19 08:43:38,442 views 6400 7056 Hour 08:00: 1 bookings
INFO 2026-02-19 08:43:38,443 views 6400 7056 Hour 09:00: 0 bookings
INFO 2026-02-19 08:43:38,443 views 6400 7056 Hour 10:00: 0 bookings
INFO 2026-02-19 08:43:38,443 views 6400 7056 Hour 11:00: 0 bookings
INFO 2026-02-19 08:43:38,444 views 6400 7056 Hour 12:00: 0 bookings
INFO 2026-02-19 08:43:38,444 views 6400 7056 Hour 13:00: 0 bookings
INFO 2026-02-19 08:43:38,444 views 6400 7056 Hour 14:00: 0 bookings
INFO 2026-02-19 08:43:38,445 views 6400 7056 Hour 15:00: 0 bookings
INFO 2026-02-19 08:43:38,445 views 6400 7056 Hour 16:00: 0 bookings
INFO 2026-02-19 08:43:44,958 views 6400 7056 Schedule view - Date: 2026-02-18, Found 0 bookings
INFO 2026-02-19 08:43:44,961 views 6400 7056 Hour 07:00: 0 bookings
INFO 2026-02-19 08:43:44,962 views 6400 7056 Hour 08:00: 0 bookings
INFO 2026-02-19 08:43:44,962 views 6400 7056 Hour 09:00: 0 bookings
INFO 2026-02-19 08:43:44,963 views 6400 7056 Hour 10:00: 0 bookings
INFO 2026-02-19 08:43:44,963 views 6400 7056 Hour 11:00: 0 bookings
INFO 2026-02-19 08:43:44,963 views 6400 7056 Hour 12:00: 0 bookings
INFO 2026-02-19 08:43:44,963 views 6400 7056 Hour 13:00: 0 bookings
INFO 2026-02-19 08:43:44,964 views 6400 7056 Hour 14:00: 0 bookings
INFO 2026-02-19 08:43:44,964 views 6400 7056 Hour 15:00: 0 bookings
INFO 2026-02-19 08:43:44,964 views 6400 7056 Hour 16:00: 0 bookings
INFO 2026-02-19 08:43:50,101 views 6400 8092 Schedule view - Date: 2026-02-19, Found 2 bookings
INFO 2026-02-19 08:43:50,103 views 6400 8092   Booking: Обсуждение, Room: 1, Time: 2026-02-19 05:55:00+00:00 - 2026-02-19 07:50:00+00:00, Status: approved
INFO 2026-02-19 08:43:50,103 views 6400 8092   Booking: 1, Room: 1, Time: 2026-02-19 08:00:00+00:00 - 2026-02-19 09:00:00+00:00, Status: pending
INFO 2026-02-19 08:43:50,104 views 6400 8092 Added booking to timeline hour 8: 1
INFO 2026-02-19 08:43:50,104 views 6400 8092 Hour 07:00: 0 bookings
INFO 2026-02-19 08:43:50,104 views 6400 8092 Hour 08:00: 1 bookings
INFO 2026-02-19 08:43:50,105 views 6400 8092 Hour 09:00: 0 bookings
INFO 2026-02-19 08:43:50,105 views 6400 8092 Hour 10:00: 0 bookings
INFO 2026-02-19 08:43:50,105 views 6400 8092 Hour 11:00: 0 bookings
INFO 2026-02-19 08:43:50,106 views 6400 8092 Hour 12:00: 0 bookings
INFO 2026-02-19 08:43:50,106 views 6400 8092 Hour 13:00: 0 bookings
INFO 2026-02-19 08:43:50,106 views 6400 8092 Hour 14:00: 0 bookings
INFO 2026-02-19 08:43:50,106 views 6400 8092 Hour 15:00: 0 bookings
INFO 2026-02-19 08:43:50,107 views 6400 8092 Hour 16:00: 0 bookings
INFO 2026-02-19 08:44:29,771 views 6400 1540 Schedule view - Date: 2026-02-19, Found 2 bookings
INFO 2026-02-19 08:44:29,773 views 6400 1540   Booking: Обсуждение, Room: 1, Time: 2026-02-19 05:55:00+00:00 - 2026-02-19 07:50:00+00:00, Status: approved
INFO 2026-02-19 08:44:29,773 views 6400 1540   Booking: 1, Room: 1, Time: 2026-02-19 08:00:00+00:00 - 2026-02-19 09:00:00+00:00, Status: approved
INFO 2026-02-19 08:44:29,773 views 6400 1540 Added booking to timeline hour 8: 1
INFO 2026-02-19 08:44:29,774 views 6400 1540 Hour 07:00: 0 bookings
INFO 2026-02-19 08:44:29,774 views 6400 1540 Hour 08:00: 1 bookings
INFO 2026-02-19 08:44:29,774 views 6400 1540 Hour 09:00: 0 bookings
INFO 2026-02-19 08:44:29,774 views 6400 1540 Hour 10:00: 0 bookings
INFO 2026-02-19 08:44:29,775 views 6400 1540 Hour 11:00: 0 bookings
INFO 2026-02-19 08:44:29,775 views 6400 1540 Hour 12:00: 0 bookings
INFO 2026-02-19 08:44:29,775 views 6400 1540 Hour 13:00: 0 bookings
INFO 2026-02-19 08:44:29,775 views 6400 1540 Hour 14:00: 0 bookings
INFO 2026-02-19 08:44:29,775 views 6400 1540 Hour 15:00: 0 bookings
INFO 2026-02-19 08:44:29,776 views 6400 1540 Hour 16:00: 0 bookings
INFO 2026-02-19 08:44:45,521 views 6400 1208 Schedule view - Date: 2026-02-19, Found 2 bookings
INFO 2026-02-19 08:44:45,524 views 6400 1208   Booking: Обсуждение, Room: 1, Time: 2026-02-19 05:55:00+00:00 - 2026-02-19 07:50:00+00:00, Status: approved
INFO 2026-02-19 08:44:45,524 views 6400 1208   Booking: 1, Room: 1, Time: 2026-02-19 08:00:00+00:00 - 2026-02-19 09:00:00+00:00, Status: approved
INFO 2026-02-19 08:44:45,525 views 6400 1208 Added booking to timeline hour 8: 1
INFO 2026-02-19 08:44:45,526 views 6400 1208 Hour 07:00: 0 bookings
INFO 2026-02-19 08:44:45,526 views 6400 1208 Hour 08:00: 1 bookings
INFO 2026-02-19 08:44:45,526 views 6400 1208 Hour 09:00: 0 bookings
INFO 2026-02-19 08:44:45,527 views 6400 1208 Hour 10:00: 0 bookings
INFO 2026-02-19 08:44:45,527 views 6400 1208 Hour 11:00: 0 bookings
INFO 2026-02-19 08:44:45,527 views 6400 1208 Hour 12:00: 0 bookings
INFO 2026-02-19 08:44:45,527 views 6400 1208 Hour 13:00: 0 bookings
INFO 2026-02-19 08:44:45,528 views 6400 1208 Hour 14:00: 0 bookings
INFO 2026-02-19 08:44:45,529 views 6400 1208 Hour 15:00: 0 bookings
INFO 2026-02-19 08:44:45,529 views 6400 1208 Hour 16:00: 0 bookings
INFO 2026-02-19 08:44:54,786 views 6400 12576 Schedule view - Date: 2026-02-19, Found 2 bookings
INFO 2026-02-19 08:44:54,788 views 6400 12576   Booking: Обсуждение, Room: 1, Time: 2026-02-19 05:55:00+00:00 - 2026-02-19 07:50:00+00:00, Status: approved
INFO 2026-02-19 08:44:54,788 views 6400 12576   Booking: 1, Room: 1, Time: 2026-02-19 08:00:00+00:00 - 2026-02-19 09:00:00+00:00, Status: approved
INFO 2026-02-19 08:44:54,789 views 6400 12576 Added booking to timeline hour 8: 1
INFO 2026-02-19 08:44:54,789 views 6400 12576 Hour 07:00: 0 bookings
INFO 2026-02-19 08:44:54,790 views 6400 12576 Hour 08:00: 1 bookings
INFO 2026-02-19 08:44:54,790 views 6400 12576 Hour 09:00: 0 bookings
INFO 2026-02-19 08:44:54,791 views 6400 12576 Hour 10:00: 0 bookings
INFO 2026-02-19 08:44:54,791 views 6400 12576 Hour 11:00: 0 bookings
INFO 2026-02-19 08:44:54,791 views 6400 12576 Hour 12:00: 0 bookings
INFO 2026-02-19 08:44:54,791 views 6400 12576 Hour 13:00: 0 bookings
INFO 2026-02-19 08:44:54,791 views 6400 12576 Hour 14:00: 0 bookings
INFO 2026-02-19 08:44:54,791 views 6400 12576 Hour 15:00: 0 bookings
INFO 2026-02-19 08:44:54,792 views 6400 12576 Hour 16:00: 0 bookings
INFO 2026-02-19 08:45:26,484 views 6400 14364 Room schedule - Room: 1, Date: 2026-02-19, Found 2 bookings
INFO 2026-02-19 08:51:42,569 views 4076 1860 Schedule view - Date: 2026-02-19
INFO 2026-02-19 08:51:42,569 views 4076 1860 Total bookings: 4
INFO 2026-02-19 08:51:42,569 views 4076 1860 Slot 07:00: 0 bookings
INFO 2026-02-19 08:51:42,570 views 4076 1860 Slot 08:00: 1 bookings
INFO 2026-02-19 08:51:42,570 views 4076 1860   - 1 at 2026-02-19 08:00:00+00:00
INFO 2026-02-19 08:51:42,570 views 4076 1860 Slot 09:00: 1 bookings
INFO 2026-02-19 08:51:42,570 views 4076 1860   - 23 at 2026-02-19 09:30:00+00:00
INFO 2026-02-19 08:51:42,571 views 4076 1860 Slot 10:00: 0 bookings
INFO 2026-02-19 08:51:42,571 views 4076 1860 Slot 11:00: 1 bookings
INFO 2026-02-19 08:51:42,571 views 4076 1860   - Обсуждение at 2026-02-19 11:00:00+00:00
INFO 2026-02-19 08:51:42,571 views 4076 1860 Slot 12:00: 0 bookings
INFO 2026-02-19 08:51:42,571 views 4076 1860 Slot 13:00: 0 bookings
INFO 2026-02-19 08:51:42,571 views 4076 1860 Slot 14:00: 0 bookings
INFO 2026-02-19 08:51:42,572 views 4076 1860 Slot 15:00: 0 bookings
INFO 2026-02-19 08:51:42,572 views 4076 1860 Slot 16:00: 0 bookings
INFO 2026-02-19 08:51:42,573 views 4076 1860 Slot 16:00-16:30: 0 bookings
INFO 2026-02-19 08:52:18,671 views 4076 8024 Schedule view - Date: 2026-02-19
INFO 2026-02-19 08:52:18,672 views 4076 8024 Total bookings: 4
INFO 2026-02-19 08:52:18,672 views 4076 8024 Slot 07:00: 0 bookings
INFO 2026-02-19 08:52:18,673 views 4076 8024 Slot 08:00: 1 bookings
INFO 2026-02-19 08:52:18,674 views 4076 8024   - 1 at 2026-02-19 08:00:00+00:00
INFO 2026-02-19 08:52:18,674 views 4076 8024 Slot 09:00: 1 bookings
INFO 2026-02-19 08:52:18,676 views 4076 8024   - 23 at 2026-02-19 09:30:00+00:00
INFO 2026-02-19 08:52:18,676 views 4076 8024 Slot 10:00: 0 bookings
INFO 2026-02-19 08:52:18,677 views 4076 8024 Slot 11:00: 1 bookings
INFO 2026-02-19 08:52:18,678 views 4076 8024   - Обсуждение at 2026-02-19 11:00:00+00:00
INFO 2026-02-19 08:52:18,678 views 4076 8024 Slot 12:00: 0 bookings
INFO 2026-02-19 08:52:18,679 views 4076 8024 Slot 13:00: 0 bookings
INFO 2026-02-19 08:52:18,680 views 4076 8024 Slot 14:00: 0 bookings
INFO 2026-02-19 08:52:18,680 views 4076 8024 Slot 15:00: 0 bookings
INFO 2026-02-19 08:52:18,681 views 4076 8024 Slot 16:00: 0 bookings
INFO 2026-02-19 08:52:18,681 views 4076 8024 Slot 16:00-16:30: 0 bookings
INFO 2026-02-19 08:53:05,106 views 4076 8092 Schedule view - Date: 2026-02-19
INFO 2026-02-19 08:53:05,107 views 4076 8092 Total bookings: 4
INFO 2026-02-19 08:53:05,107 views 4076 8092 Slot 07:00: 0 bookings
INFO 2026-02-19 08:53:05,107 views 4076 8092 Slot 08:00: 1 bookings
INFO 2026-02-19 08:53:05,108 views 4076 8092   - 1 at 2026-02-19 08:00:00+00:00
INFO 2026-02-19 08:53:05,108 views 4076 8092 Slot 09:00: 1 bookings
INFO 2026-02-19 08:53:05,108 views 4076 8092   - 23 at 2026-02-19 09:30:00+00:00
INFO 2026-02-19 08:53:05,108 views 4076 8092 Slot 10:00: 0 bookings
INFO 2026-02-19 08:53:05,108 views 4076 8092 Slot 11:00: 1 bookings
INFO 2026-02-19 08:53:05,109 views 4076 8092   - Обсуждение at 2026-02-19 11:00:00+00:00
INFO 2026-02-19 08:53:05,109 views 4076 8092 Slot 12:00: 0 bookings
INFO 2026-02-19 08:53:05,109 views 4076 8092 Slot 13:00: 0 bookings
INFO 2026-02-19 08:53:05,109 views 4076 8092 Slot 14:00: 0 bookings
INFO 2026-02-19 08:53:05,109 views 4076 8092 Slot 15:00: 0 bookings
INFO 2026-02-19 08:53:05,109 views 4076 8092 Slot 16:00: 0 bookings
INFO 2026-02-19 08:53:05,109 views 4076 8092 Slot 16:00-16:30: 0 bookings
INFO 2026-02-19 08:55:24,930 views 4076 7852 Schedule view - Date: 2026-02-19
INFO 2026-02-19 08:55:24,931 views 4076 7852 Total bookings: 5
INFO 2026-02-19 08:55:24,932 views 4076 7852 Slot 07:00: 0 bookings
INFO 2026-02-19 08:55:24,932 views 4076 7852 Slot 08:00: 1 bookings
INFO 2026-02-19 08:55:24,932 views 4076 7852   - 1 at 2026-02-19 08:00:00+00:00
INFO 2026-02-19 08:55:24,933 views 4076 7852 Slot 09:00: 1 bookings
INFO 2026-02-19 08:55:24,933 views 4076 7852   - 23 at 2026-02-19 09:30:00+00:00
INFO 2026-02-19 08:55:24,933 views 4076 7852 Slot 10:00: 0 bookings
INFO 2026-02-19 08:55:24,933 views 4076 7852 Slot 11:00: 1 bookings
INFO 2026-02-19 08:55:24,934 views 4076 7852   - Обсуждение at 2026-02-19 11:00:00+00:00
INFO 2026-02-19 08:55:24,935 views 4076 7852 Slot 12:00: 0 bookings
INFO 2026-02-19 08:55:24,935 views 4076 7852 Slot 13:00: 1 bookings
INFO 2026-02-19 08:55:24,936 views 4076 7852   - ррррр at 2026-02-19 13:00:00+00:00
INFO 2026-02-19 08:55:24,939 views 4076 7852 Slot 14:00: 0 bookings
INFO 2026-02-19 08:55:24,939 views 4076 7852 Slot 15:00: 0 bookings
INFO 2026-02-19 08:55:24,940 views 4076 7852 Slot 16:00: 0 bookings
INFO 2026-02-19 08:55:24,940 views 4076 7852 Slot 16:00-16:30: 0 bookings
